0 info it worked if it ends with ok
1 verbose cli [ 'C:\\Program Files (x86)\\nodejs\\node.exe',
1 verbose cli   'C:\\Program Files (x86)\\nodejs\\node_modules\\npm\\bin\\npm-cli.js',
1 verbose cli   'run',
1 verbose cli   'start' ]
2 info using npm@3.10.10
3 info using node@v6.17.1
4 verbose run-script [ 'prestart', 'start', 'poststart' ]
5 info lifecycle Nodejs@1.0.0~prestart: Nodejs@1.0.0
6 silly lifecycle Nodejs@1.0.0~prestart: no script for prestart, continuing
7 info lifecycle Nodejs@1.0.0~start: Nodejs@1.0.0
8 verbose lifecycle Nodejs@1.0.0~start: unsafe-perm in lifecycle true
9 verbose lifecycle Nodejs@1.0.0~start: PATH: C:\Program Files (x86)\nodejs\node_modules\npm\bin\node-gyp-bin;C:\Users\Anibal\Desktop\Nodejs\node_modules\.bin;C:\Program Files\Microsoft\jdk-11.0.16.101-hotspot\bin;C:\Windows\system32;C:\Windows;C:\Windows\System32\Wbem;C:\Windows\System32\WindowsPowerShell\v1.0\;C:\Program Files\Intel\WiFi\bin\;C:\Program Files\Common Files\Intel\WirelessCommon\;C:\Program Files (x86)\GtkSharp\2.12\bin;C:\Program Files\Microsoft SQL Server\Client SDK\ODBC\170\Tools\Binn\;C:\Program Files\dotnet\;C:\Program Files (x86)\nodejs\;C:\Users\Anibal\.dotnet\tools;C:\Users\Anibal\AppData\Roaming\npm
10 verbose lifecycle Nodejs@1.0.0~start: CWD: C:\Users\Anibal\Desktop\Nodejs
11 silly lifecycle Nodejs@1.0.0~start: Args: [ '/d /s /c', 'nodemon app.js' ]
12 silly lifecycle Nodejs@1.0.0~start: Returned: code: 1  signal: null
13 info lifecycle Nodejs@1.0.0~start: Failed to exec start script
14 verbose stack Error: Nodejs@1.0.0 start: `nodemon app.js`
14 verbose stack Exit status 1
14 verbose stack     at EventEmitter.<anonymous> (C:\Program Files (x86)\nodejs\node_modules\npm\lib\utils\lifecycle.js:255:16)
14 verbose stack     at emitTwo (events.js:106:13)
14 verbose stack     at EventEmitter.emit (events.js:191:7)
14 verbose stack     at ChildProcess.<anonymous> (C:\Program Files (x86)\nodejs\node_modules\npm\lib\utils\spawn.js:40:14)
14 verbose stack     at emitTwo (events.js:106:13)
14 verbose stack     at ChildProcess.emit (events.js:191:7)
14 verbose stack     at maybeClose (internal/child_process.js:920:16)
14 verbose stack     at Process.ChildProcess._handle.onexit (internal/child_process.js:230:5)
15 verbose pkgid Nodejs@1.0.0
16 verbose cwd C:\Users\Anibal\Desktop\Nodejs
17 error Windows_NT 6.1.7601
18 error argv "C:\\Program Files (x86)\\nodejs\\node.exe" "C:\\Program Files (x86)\\nodejs\\node_modules\\npm\\bin\\npm-cli.js" "run" "start"
19 error node v6.17.1
20 error npm  v3.10.10
21 error code ELIFECYCLE
22 error Nodejs@1.0.0 start: `nodemon app.js`
22 error Exit status 1
23 error Failed at the Nodejs@1.0.0 start script 'nodemon app.js'.
23 error Make sure you have the latest version of node.js and npm installed.
23 error If you do, this is most likely a problem with the Nodejs package,
23 error not with npm itself.
23 error Tell the author that this fails on your system:
23 error     nodemon app.js
23 error You can get information on how to open an issue for this project with:
23 error     npm bugs Nodejs
23 error Or if that isn't available, you can get their info via:
23 error     npm owner ls Nodejs
23 error There is likely additional logging output above.
24 verbose exit [ 1, true ]
